  [1m[36m (15.8ms)[0m  [1mCREATE TABLE "schema_migrations" ("version" character varying(255) NOT NULL) [0m
  [1m[35m (2.3ms)[0m  CREATE UNIQUE INDEX "unique_schema_migrations" ON "schema_migrations" ("version")
  [1m[36mActiveRecord::SchemaMigration Load (0.6ms)[0m  [1mSELECT "schema_migrations".* FROM "schema_migrations"[0m
Migrating to CreateMessages (20140226210644)
  [1m[35m (0.2ms)[0m  BEGIN
  [1m[36m (7.1ms)[0m  [1mCREATE TABLE "messages" ("id" serial primary key, "to_id" integer, "from_id" integer, "message" text, "created_at" timestamp, "updated_at" timestamp) [0m
  [1m[35mSQL (1.4ms)[0m  INSERT INTO "schema_migrations" ("version") VALUES ($1)  [["version", "20140226210644"]]
  [1m[36m (0.7ms)[0m  [1mCOMMIT[0m
Migrating to CreateFollows (20140226210706)
  [1m[35m (0.3ms)[0m  BEGIN
  [1m[36m (5.1ms)[0m  [1mCREATE TABLE "follows" ("id" serial primary key, "follower_id" integer, "followee_id" integer, "created_at" timestamp, "updated_at" timestamp) [0m
  [1m[35mSQL (0.5ms)[0m  INSERT INTO "schema_migrations" ("version") VALUES ($1)  [["version", "20140226210706"]]
  [1m[36m (0.5ms)[0m  [1mCOMMIT[0m
Migrating to CreateCycles (20140226210811)
  [1m[35m (0.3ms)[0m  BEGIN
  [1m[36m (3.7ms)[0m  [1mCREATE TABLE "cycles" ("id" serial primary key, "user_id" integer, "start_date" date, "period_end_date" date, "cycle_end_date" date, "created_at" timestamp, "updated_at" timestamp) [0m
  [1m[35mSQL (0.3ms)[0m  INSERT INTO "schema_migrations" ("version") VALUES ($1)  [["version", "20140226210811"]]
  [1m[36m (0.6ms)[0m  [1mCOMMIT[0m
Migrating to CreateCycleContents (20140226210934)
  [1m[35m (0.2ms)[0m  BEGIN
  [1m[36m (5.7ms)[0m  [1mCREATE TABLE "cycle_contents" ("id" serial primary key, "mood" integer, "cycle_id" integer, "user_id" integer, "pain" integer, "note" text, "created_at" timestamp, "updated_at" timestamp) [0m
  [1m[35mSQL (0.4ms)[0m  INSERT INTO "schema_migrations" ("version") VALUES ($1)  [["version", "20140226210934"]]
  [1m[36m (0.7ms)[0m  [1mCOMMIT[0m
  [1m[35mActiveRecord::SchemaMigration Load (0.3ms)[0m  SELECT "schema_migrations".* FROM "schema_migrations"
